
> nuist-craft@0.0.0 build C:\Users\Dustella\Code\nuistcraft
> docusaurus build

[INFO] [en] Creating an optimized production build...
i Compiling Client
i Compiling Server
鈭?Client: Compiled successfully in 18.93s
鈭?Server: Compiled with some errors in 21.06s


TypeError: (0 , _mdx_js_react__WEBPACK_IMPORTED_MODULE_1__.mdx) is not a function
TypeError: (0 , _mdx_js_react__WEBPACK_IMPORTED_MODULE_1__.mdx) is not a function
TypeError: (0 , _mdx_js_react__WEBPACK_IMPORTED_MODULE_1__.mdx) is not a function
TypeError: (0 , _mdx_js_react__WEBPACK_IMPORTED_MODULE_1__.mdx) is not a function
TypeError: (0 , _mdx_js_react__WEBPACK_IMPORTED_MODULE_1__.mdx) is not a function
TypeError: (0 , _mdx_js_react__WEBPACK_IMPORTED_MODULE_1__.mdx) is not a function
TypeError: (0 , _mdx_js_react__WEBPACK_IMPORTED_MODULE_1__.mdx) is not a function
TypeError: (0 , _mdx_js_react__WEBPACK_IMPORTED_MODULE_1__.mdx) is not a function
TypeError: (0 , _mdx_js_react__WEBPACK_IMPORTED_MODULE_1__.mdx) is not a function
TypeError: (0 , _mdx_js_react__WEBPACK_IMPORTED_MODULE_1__.mdx) is not a function
[INFO] Docusaurus version: 2.4.0
Node version: v18.12.1
鈥塃LIFECYCLE鈥?Command failed with exit code 1.
